###############################################################
#  Generated by:      Cadence Innovus 17.12-s095_1
#  OS:                Linux x86_64(Host ID enicsw02)
#  Generated on:      Wed May  2 18:15:26 2018
#  Design:            scm65
#  Command:           verifyGeometry
###############################################################

OVERLAP: Cell write_decoder/PreDec_0/in_0_not & Cell GRCLK_gate
Bounds : ( 54.800, 0.000 ) ( 55.200, 2.400 )


OVERLAP: Cell write_decoder/PreDec_0/in_0_not & Cell GWCLK_gate
Bounds : ( 54.600, 0.000 ) ( 54.800, 2.400 )


SHORT: Pin of Cell GWCLK_gate & Pin of Cell write_decoder/PreDec_0/in_0_not  ( M1 )
Bounds : ( 54.745, 0.410 ) ( 54.750, 0.630 )


SHORT: Pin of Cell GWCLK_gate & Pin of Cell write_decoder/PreDec_0/in_0_not  ( M1 )
Bounds : ( 54.650, 0.995 ) ( 54.750, 1.415 )


SHORT: Pin of Cell GWCLK_gate & Pin of Cell write_decoder/PreDec_0/in_0_not  ( M1 )
Bounds : ( 54.745, 1.535 ) ( 54.750, 1.980 )


SPACING: Pin of Cell GRCLK_gate & Pin of Cell write_decoder/PreDec_0/in_0_not  ( M1 )
Bounds : ( 54.965, 1.245 ) ( 55.050, 1.590 )
Actual:     0.085     Min:     0.09     Type: ParallelRun 


SPACING: Pin of Cell GRCLK_gate & Pin of Cell write_decoder/PreDec_0/in_0_not  ( M1 )
Bounds : ( 54.845, 1.535 ) ( 54.850, 1.700 )
Actual:     0.005     Min:     0.09     Type: ParallelRun 


SPACING: Pin of Cell GRCLK_gate & Pin of Cell write_decoder/PreDec_0/in_0_not  ( M1 )
Bounds : ( 54.970, 1.855 ) ( 55.005, 1.940 )
Actual:     0.035     Min:     0.09     Type: ParallelRun 


SPACING: Pin of Cell GRCLK_gate & Pin of Cell write_decoder/PreDec_0/in_0_not  ( M1 )
Bounds : ( 54.845, 1.855 ) ( 54.880, 2.080 )
Actual:     0.035     Min:     0.09     Type: ParallelRun 


SPACING: Pin of Cell write_decoder/PreDec_0/in_0_not & Blockage of Cell GRCLK_gate  ( M1 )
Bounds : ( 54.845, 0.510 ) ( 54.850, 0.630 )
Actual:     0.005     Min:     0.09     Type: ParallelRun


SPACING: Pin of Cell write_decoder/PreDec_0/in_0_not & Blockage of Cell GRCLK_gate  ( M1 )
Bounds : ( 54.970, 0.680 ) ( 55.015, 1.010 )
Actual:     0.045     Min:     0.09     Type: ParallelRun


SPACING: Pin of Cell write_decoder/PreDec_0/in_0_not & Blockage of Cell GWCLK_gate  ( M1 )
Bounds : ( 54.560, 1.005 ) ( 54.645, 1.395 )
Actual:     0.085     Min:     0.09     Type: ParallelRun


SHORT: Pin of Cell write_decoder/PreDec_0/in_0_not & Blockage of Cell GRCLK_gate  ( M1 )
Bounds : ( 55.060, 1.010 ) ( 55.150, 1.590 )


SHORT: Pin of Cell write_decoder/PreDec_0/in_0_not & Blockage of Cell GRCLK_gate  ( M1 )
Bounds : ( 55.060, 1.490 ) ( 55.105, 1.940 )


SHORT: Pin of Cell write_decoder/PreDec_0/in_0_not & Blockage of Cell GRCLK_gate  ( M1 )
Bounds : ( 55.015, 1.010 ) ( 55.150, 1.100 )


SPACING: Pin of Cell GRCLK_gate & Pin of Cell write_decoder/PreDec_0/in_0_not  ( M1 )
Bounds : ( 54.965, 1.245 ) ( 55.005, 1.700 )
Actual:     0.04     Min:     0.09     Type: ParallelRun



Begin Summary ...
  Cells       : 3
  SameNet     : 4
  Wiring      : 1
  Antenna     : 0
  Short       : 6
  Overlap     : 2
End Summary

  Total Violations : 16 Viols.
