irun(64): 15.10-s014: (c) Copyright 1995-2016 Cadence Design Systems, Inc.
TOOL:	irun(64)	15.10-s014: Started on Jun 06, 2018 at 17:32:29 IDT
irun
	-f Decoder_2_4_tb.f
		Decoder_2_4_tb.v
		../../verilog_modules/Decoder_2_4/Decoder_2_4.v
		-v /data/tsmc/65LP/dig_libs/ARM_FEONLY/arm/tsmc/cln65lp/sc12_base_rvt/r0p0/verilog/sc12_cln65lp_base_rvt.v
		-v /data/tsmc/65LP/dig_libs/ARM_FEONLY/arm/tsmc/cln65lp/sc12_base_rvt/r0p0/verilog/sc12_cln65lp_base_rvt_udp.v
	-debug
	-nospecify
Recompiling... reason: file '/project/test_project/users/marinbh/ws/scm_compiler/verilog_modules/Decoder_2_4/Decoder_2_4.v' is newer than expected.
	expected: Tue Apr 24 19:34:37 2018
	actual:   Wed Jun  6 17:08:31 2018
file: Decoder_2_4_tb.v
            in = 2'd10;
                     |
ncvlog: *W,INTOVF (Decoder_2_4_tb.v,24|21): bit overflow during conversion from text [2.5(IEEE)] (2 bits).
file: ../../verilog_modules/Decoder_2_4/Decoder_2_4.v
	module worklib.Decoder_2_4:v
		errors: 0, warnings: 0
file: /data/tsmc/65LP/dig_libs/ARM_FEONLY/arm/tsmc/cln65lp/sc12_base_rvt/r0p0/verilog/sc12_cln65lp_base_rvt.v
ncvlog: *W,LIBNOU: Library "/data/tsmc/65LP/dig_libs/ARM_FEONLY/arm/tsmc/cln65lp/sc12_base_rvt/r0p0/verilog/sc12_cln65lp_base_rvt_udp.v" given but not used.
	Total errors/warnings found outside modules and primitives:
		errors: 0, warnings: 1
		Caching library 'sc12_cln65lp_base_rvt' ....... Done
		Caching library 'worklib' ....... Done
	Elaborating the design hierarchy:
	Top level design units:
		Decoder_2_4_tb
	Building instance overlay tables: .................... Done
	Building instance specific data structures.
	Loading native compiled code:     .................... Done
	Design hierarchy summary:
		                 Instances  Unique
		Modules:                 8       4
		Primitives:              6       2
		Registers:               1       1
		Expanded wires:          2       1
		Initial blocks:          1       1
		Pseudo assignments:      1       1
		Simulation timescale:  1ps
	Writing initial simulation snapshot: worklib.Decoder_2_4_tb:v
Loading snapshot worklib.Decoder_2_4_tb:v .................... Done
ncsim> source /opt/cadence/INCISIV/151/tools/inca/files/ncsimrc
ncsim> run
		time:	in	out
                   0:	00	1110
                   1:	01	1101
                   2:	10	1011
                   3:	11	0111
Simulation complete via $finish(1) at time 7 NS + 0
./Decoder_2_4_tb.v:28 			#4 $finish;			
ncsim> exit
TOOL:	irun(64)	15.10-s014: Exiting on Jun 06, 2018 at 17:32:30 IDT  (total: 00:00:01)
